<?xml version="1.0" encoding="UTF-8"?>
<testsuite xmlns:xsi="http://www.w3.org/2001/XMLSchema-instance" xsi:noNamespaceSchemaLocation="https://maven.apache.org/surefire/maven-surefire-plugin/xsd/surefire-test-report-3.0.xsd" version="3.0" name="com.fds.sistemavendas.SistemaVendasApplicationTests" time="4.351" tests="1" errors="0" skipped="0" failures="0">
  <properties>
[...]
</properties>
  <testcase name="contextLoads" classname="com.fds.sistemavendas.SistemaVendasApplicationTests" time="0.431">
    <system-out><![CDATA[09:31:59.123 [main] INFO org.springframework.test.context.support.AnnotationConfigContextLoaderUtils -- Could not detect default configuration classes for test class [com.fds.sistemavendas.SistemaVendasApplicationTests]: SistemaVendasApplicationTests does not declare any static, non-private, non-final, nested classes annotated with @Configuration.
09:31:59.216 [main] INFO org.springframework.boot.test.context.SpringBootTestContextBootstrapper -- Found @SpringBootConfiguration com.fds.sistemavendas.SistemaVendasApplication for test class com.fds.sistemavendas.SistemaVendasApplicationTests

  .   ____          _            __ _ _
 /\\ / ___'_ __ _ _(_)_ __  __ _ \ \ \ \
( ( )\___ | '_ | '_| | '_ \/ _` | \ \ \ \
 \\/  ___)| |_)| | | | | || (_| |  ) ) ) )
  '  |____| .__|_| |_|_| |_\__, | / / / /
 =========|_|==============|___/=/_/_/_/
 :: Spring Boot ::                (v3.1.4)

2023-10-26T09:31:59.618-03:00  INFO 57532 --- [           main] c.f.s.SistemaVendasApplicationTests      : Starting SistemaVendasApplicationTests using Java 17.0.8.1 with PID 57532 (started by ericobis in /home/ericobis/Documentos/GithubProjects/FundamentosDesenvolvimentoDeSoftware/sistema-vendas)
2023-10-26T09:31:59.620-03:00  INFO 57532 --- [           main] c.f.s.SistemaVendasApplicationTests      : No active profile set, falling back to 1 default profile: "default"
2023-10-26T09:32:00.045-03:00  INFO 57532 --- [           main] .s.d.r.c.RepositoryConfigurationDelegate : Bootstrapping Spring Data JPA repositories in DEFAULT mode.
2023-10-26T09:32:00.090-03:00  INFO 57532 --- [           main] .s.d.r.c.RepositoryConfigurationDelegate : Finished Spring Data repository scanning in 38 ms. Found 2 JPA repository interfaces.
2023-10-26T09:32:00.736-03:00  INFO 57532 --- [           main] com.zaxxer.hikari.HikariDataSource       : HikariPool-1 - Starting...
2023-10-26T09:32:00.956-03:00  INFO 57532 --- [           main] com.zaxxer.hikari.pool.HikariPool        : HikariPool-1 - Added connection conn0: url=jdbc:h2:mem:testdb user=FDS2023
2023-10-26T09:32:00.957-03:00  INFO 57532 --- [           main] com.zaxxer.hikari.HikariDataSource       : HikariPool-1 - Start completed.
2023-10-26T09:32:01.059-03:00  INFO 57532 --- [           main] o.hibernate.jpa.internal.util.LogHelper  : HHH000204: Processing PersistenceUnitInfo [name: default]
2023-10-26T09:32:01.103-03:00  INFO 57532 --- [           main] org.hibernate.Version                    : HHH000412: Hibernate ORM core version 6.2.9.Final
2023-10-26T09:32:01.105-03:00  INFO 57532 --- [           main] org.hibernate.cfg.Environment            : HHH000406: Using bytecode reflection optimizer
2023-10-26T09:32:01.231-03:00  INFO 57532 --- [           main] o.h.b.i.BytecodeProviderInitiator        : HHH000021: Bytecode provider name : bytebuddy
2023-10-26T09:32:01.335-03:00  INFO 57532 --- [           main] o.s.o.j.p.SpringPersistenceUnitInfo      : No LoadTimeWeaver setup: ignoring JPA class transformer
2023-10-26T09:32:01.566-03:00  INFO 57532 --- [           main] o.h.b.i.BytecodeProviderInitiator        : HHH000021: Bytecode provider name : bytebuddy
2023-10-26T09:32:02.072-03:00  INFO 57532 --- [           main] o.h.e.t.j.p.i.JtaPlatformInitiator       : HHH000490: Using JtaPlatform implementation: [org.hibernate.engine.transaction.jta.platform.internal.NoJtaPlatform]
Hibernate: 
    create table tb_budget (
        id bigint not null,
        discount float(53) not null,
        done boolean not null,
        request_cost float(53),
        request_id bigint,
        tax_cost float(53),
        total_cost float(53),
        primary key (id)
    )
Hibernate: 
    create table tb_budget_items (
        tb_budget_id bigint not null,
        items_request_id bigint not null
    )
Hibernate: 
    create table tb_item_request (
        request_id bigint not null,
        amount integer not null,
        product_id bigint,
        primary key (request_id)
    )
Hibernate: 
    alter table if exists tb_budget_items 
       drop constraint if exists UK_5dcvqpj84a009nkxim1tbujyp
Hibernate: 
    alter table if exists tb_budget_items 
       add constraint UK_5dcvqpj84a009nkxim1tbujyp unique (items_request_id)
Hibernate: 
    create sequence tb_budget_seq start with 1 increment by 50
Hibernate: 
    create sequence tb_item_request_seq start with 1 increment by 50
Hibernate: 
    create sequence tb_storage_item_seq start with 1 increment by 50
Hibernate: 
    alter table if exists tb_budget_items 
       add constraint FKlvmd5a73peb3d76vl5k6w72k2 
       foreign key (items_request_id) 
       references tb_item_request
Hibernate: 
    alter table if exists tb_budget_items 
       add constraint FKgae2natigo6enlfkwvaa85fcu 
       foreign key (tb_budget_id) 
       references tb_budget
2023-10-26T09:32:02.111-03:00  INFO 57532 --- [           main] j.LocalContainerEntityManagerFactoryBean : Initialized JPA EntityManagerFactory for persistence unit 'default'
2023-10-26T09:32:02.827-03:00  INFO 57532 --- [           main] o.s.b.a.h2.H2ConsoleAutoConfiguration    : H2 console available at '/h2-console'. Database available at 'jdbc:h2:mem:testdb'
2023-10-26T09:32:02.869-03:00  INFO 57532 --- [           main] c.f.s.SistemaVendasApplicationTests      : Started SistemaVendasApplicationTests in 3.518 seconds (process running for 4.355)
]]></system-out>
  </testcase>
</testsuite>