<?xml version="1.0" encoding="UTF-8"?>
<testsuite xmlns:xsi="http://www.w3.org/2001/XMLSchema-instance" xsi:noNamespaceSchemaLocation="https://maven.apache.org/surefire/maven-surefire-plugin/xsd/surefire-test-report-3.0.xsd" version="3.0" name="com.fds.sistemavendas.SistemaVendasApplicationTests" time="4.535" tests="1" errors="0" skipped="0" failures="0">
  <properties>
[...]
</properties>
  <testcase name="contextLoads" classname="com.fds.sistemavendas.SistemaVendasApplicationTests" time="0.486">
    <system-out><![CDATA[11:51:44.724 [main] INFO org.springframework.test.context.support.AnnotationConfigContextLoaderUtils -- Could not detect default configuration classes for test class [com.fds.sistemavendas.SistemaVendasApplicationTests]: SistemaVendasApplicationTests does not declare any static, non-private, non-final, nested classes annotated with @Configuration.
11:51:44.814 [main] INFO org.springframework.boot.test.context.SpringBootTestContextBootstrapper -- Found @SpringBootConfiguration com.fds.sistemavendas.SistemaVendasApplication for test class com.fds.sistemavendas.SistemaVendasApplicationTests

  .   ____          _            __ _ _
 /\\ / ___'_ __ _ _(_)_ __  __ _ \ \ \ \
( ( )\___ | '_ | '_| | '_ \/ _` | \ \ \ \
 \\/  ___)| |_)| | | | | || (_| |  ) ) ) )
  '  |____| .__|_| |_|_| |_\__, | / / / /
 =========|_|==============|___/=/_/_/_/
 :: Spring Boot ::                (v3.1.4)

2023-11-07T11:51:45.175-03:00  INFO 14391 --- [           main] c.f.s.SistemaVendasApplicationTests      : Starting SistemaVendasApplicationTests using Java 17.0.8.1 with PID 14391 (started by ericobis in /home/ericobis/Documentos/GithubProjects/FundamentosDesenvolvimentoDeSoftware/sistema-vendas)
2023-11-07T11:51:45.177-03:00  INFO 14391 --- [           main] c.f.s.SistemaVendasApplicationTests      : No active profile set, falling back to 1 default profile: "default"
2023-11-07T11:51:45.618-03:00  INFO 14391 --- [           main] .s.d.r.c.RepositoryConfigurationDelegate : Bootstrapping Spring Data JPA repositories in DEFAULT mode.
2023-11-07T11:51:45.702-03:00  INFO 14391 --- [           main] .s.d.r.c.RepositoryConfigurationDelegate : Finished Spring Data repository scanning in 78 ms. Found 4 JPA repository interfaces.
2023-11-07T11:51:46.231-03:00  INFO 14391 --- [           main] com.zaxxer.hikari.HikariDataSource       : HikariPool-1 - Starting...
2023-11-07T11:51:46.369-03:00  INFO 14391 --- [           main] com.zaxxer.hikari.pool.HikariPool        : HikariPool-1 - Added connection conn0: url=jdbc:h2:mem:testdb user=FDS2023
2023-11-07T11:51:46.371-03:00  INFO 14391 --- [           main] com.zaxxer.hikari.HikariDataSource       : HikariPool-1 - Start completed.
2023-11-07T11:51:46.493-03:00  INFO 14391 --- [           main] o.hibernate.jpa.internal.util.LogHelper  : HHH000204: Processing PersistenceUnitInfo [name: default]
2023-11-07T11:51:46.531-03:00  INFO 14391 --- [           main] org.hibernate.Version                    : HHH000412: Hibernate ORM core version 6.2.9.Final
2023-11-07T11:51:46.533-03:00  INFO 14391 --- [           main] org.hibernate.cfg.Environment            : HHH000406: Using bytecode reflection optimizer
2023-11-07T11:51:46.631-03:00  INFO 14391 --- [           main] o.h.b.i.BytecodeProviderInitiator        : HHH000021: Bytecode provider name : bytebuddy
2023-11-07T11:51:46.721-03:00  INFO 14391 --- [           main] o.s.o.j.p.SpringPersistenceUnitInfo      : No LoadTimeWeaver setup: ignoring JPA class transformer
2023-11-07T11:51:46.952-03:00  INFO 14391 --- [           main] o.h.b.i.BytecodeProviderInitiator        : HHH000021: Bytecode provider name : bytebuddy
2023-11-07T11:51:47.509-03:00  INFO 14391 --- [           main] o.h.e.t.j.p.i.JtaPlatformInitiator       : HHH000490: Using JtaPlatform implementation: [org.hibernate.engine.transaction.jta.platform.internal.NoJtaPlatform]
Hibernate: 
    create table tb_budget_items (
        tb_budget_id bigint not null,
        items_id bigint not null
    )
Hibernate: 
    create table tb_client (
        id bigint not null,
        email varchar(255),
        name varchar(255),
        password varchar(255),
        primary key (id)
    )
Hibernate: 
    alter table if exists tb_budget_items 
       drop constraint if exists UK_ovi61q12vdntsq7gu20dhf4qj
Hibernate: 
    alter table if exists tb_budget_items 
       add constraint UK_ovi61q12vdntsq7gu20dhf4qj unique (items_id)
Hibernate: 
    alter table if exists tb_client 
       drop constraint if exists UK_tbu74oe5ntiego6pu36jfokha
Hibernate: 
    alter table if exists tb_client 
       add constraint UK_tbu74oe5ntiego6pu36jfokha unique (email)
Hibernate: 
    create sequence tb_budget_seq start with 1 increment by 50
Hibernate: 
    create sequence tb_client_seq start with 1 increment by 50
Hibernate: 
    create sequence tb_order_item_seq start with 1 increment by 50
Hibernate: 
    create sequence tb_storage_item_seq start with 1 increment by 50
Hibernate: 
    alter table if exists tb_budget_items 
       add constraint FKf7s316qj121ntnh67fup5su3k 
       foreign key (items_id) 
       references tb_order_item
Hibernate: 
    alter table if exists tb_budget_items 
       add constraint FKgae2natigo6enlfkwvaa85fcu 
       foreign key (tb_budget_id) 
       references tb_budget
2023-11-07T11:51:47.550-03:00  INFO 14391 --- [           main] j.LocalContainerEntityManagerFactoryBean : Initialized JPA EntityManagerFactory for persistence unit 'default'
2023-11-07T11:51:48.413-03:00  INFO 14391 --- [           main] o.s.b.a.h2.H2ConsoleAutoConfiguration    : H2 console available at '/h2-console'. Database available at 'jdbc:h2:mem:testdb'
2023-11-07T11:51:48.456-03:00  WARN 14391 --- [           main] .s.s.UserDetailsServiceAutoConfiguration : 

Using generated security password: 03953563-9276-4240-a2c8-d9a4f8d70512

This generated password is for development use only. Your security configuration must be updated before running your application in production.

2023-11-07T11:51:48.572-03:00  INFO 14391 --- [           main] o.s.s.web.DefaultSecurityFilterChain     : Will secure any request with [org.springframework.security.web.session.DisableEncodeUrlFilter@5b132063, org.springframework.security.web.context.request.async.WebAsyncManagerIntegrationFilter@4b98c80c, org.springframework.security.web.context.SecurityContextHolderFilter@3be60847, org.springframework.security.web.header.HeaderWriterFilter@564e9c0b, org.springframework.security.web.csrf.CsrfFilter@19c578bf, org.springframework.security.web.authentication.logout.LogoutFilter@63f819a6, org.springframework.security.web.authentication.UsernamePasswordAuthenticationFilter@1e3c4c12, org.springframework.security.web.authentication.ui.DefaultLoginPageGeneratingFilter@3fecdd00, org.springframework.security.web.authentication.ui.DefaultLogoutPageGeneratingFilter@a486851, org.springframework.security.web.authentication.www.BasicAuthenticationFilter@52984065, org.springframework.security.web.savedrequest.RequestCacheAwareFilter@3dfe2797, org.springframework.security.web.servletapi.SecurityContextHolderAwareRequestFilter@32c114d9, org.springframework.security.web.authentication.AnonymousAuthenticationFilter@52539624, org.springframework.security.web.access.ExceptionTranslationFilter@5367d46f, org.springframework.security.web.access.intercept.AuthorizationFilter@17e31657]
2023-11-07T11:51:48.615-03:00  INFO 14391 --- [           main] c.f.s.SistemaVendasApplicationTests      : Started SistemaVendasApplicationTests in 3.683 seconds (process running for 4.517)
]]></system-out>
  </testcase>
</testsuite>